Server started on port 8000
SQLite Database Connected and Initialized
SQLite Connected
Heartbeat at 2026-03-25T05:05:16.911Z - SQLite DB active
Heartbeat at 2026-03-25T05:05:26.924Z - SQLite DB active
Heartbeat at 2026-03-25T05:05:36.926Z - SQLite DB active
Heartbeat at 2026-03-25T05:05:46.935Z - SQLite DB active
[0mGET / [32m200[0m 1.628 ms - 35[0m
Heartbeat at 2026-03-25T05:05:56.938Z - SQLite DB active
Heartbeat at 2026-03-25T05:06:06.939Z - SQLite DB active
Heartbeat at 2026-03-25T05:06:16.951Z - SQLite DB active
Heartbeat at 2026-03-25T05:06:26.960Z - SQLite DB active
[0mPOST /api/auth/register [33m400[0m 1.611 ms - 29[0m
[0mPOST /api/auth/login [32m200[0m 246.847 ms - 161[0m
[0mGET /api/auth/user [32m200[0m 1.862 ms - 83[0m
[0mGET /api/resumes [32m200[0m 1.496 ms - 2[0m
Heartbeat at 2026-03-25T05:06:36.974Z - SQLite DB active
Heartbeat at 2026-03-25T05:06:46.975Z - SQLite DB active
Heartbeat at 2026-03-25T05:06:56.984Z - SQLite DB active
Heartbeat at 2026-03-25T05:07:06.988Z - SQLite DB active
Heartbeat at 2026-03-25T05:07:16.999Z - SQLite DB active
Heartbeat at 2026-03-25T05:07:27.002Z - SQLite DB active
Heartbeat at 2026-03-25T05:07:37.007Z - SQLite DB active
Heartbeat at 2026-03-25T05:07:47.009Z - SQLite DB active
Heartbeat at 2026-03-25T05:07:57.013Z - SQLite DB active
Heartbeat at 2026-03-25T05:08:07.018Z - SQLite DB active
Heartbeat at 2026-03-25T05:08:17.019Z - SQLite DB active
Heartbeat at 2026-03-25T05:08:27.032Z - SQLite DB active
Heartbeat at 2026-03-25T05:08:37.038Z - SQLite DB active
Heartbeat at 2026-03-25T05:08:47.049Z - SQLite DB active
[0mGET /api/auth/user [32m200[0m 0.875 ms - 82[0m
Heartbeat at 2026-03-25T05:08:57.062Z - SQLite DB active
Heartbeat at 2026-03-25T05:09:07.068Z - SQLite DB active
Heartbeat at 2026-03-25T05:09:17.074Z - SQLite DB active
[0mGET /api/resumes [32m200[0m 1.187 ms - 1767[0m
Heartbeat at 2026-03-25T05:09:27.075Z - SQLite DB active
Heartbeat at 2026-03-25T05:09:37.077Z - SQLite DB active
Heartbeat at 2026-03-25T05:09:47.087Z - SQLite DB active
Heartbeat at 2026-03-25T05:09:57.090Z - SQLite DB active
Heartbeat at 2026-03-25T05:10:07.096Z - SQLite DB active
Heartbeat at 2026-03-25T05:10:17.104Z - SQLite DB active
Heartbeat at 2026-03-25T05:10:27.110Z - SQLite DB active
Heartbeat at 2026-03-25T05:10:37.125Z - SQLite DB active
Heartbeat at 2026-03-25T05:10:47.139Z - SQLite DB active
Heartbeat at 2026-03-25T05:10:57.145Z - SQLite DB active
Heartbeat at 2026-03-25T05:11:07.155Z - SQLite DB active
Heartbeat at 2026-03-25T05:11:17.162Z - SQLite DB active
Heartbeat at 2026-03-25T05:11:27.167Z - SQLite DB active
Heartbeat at 2026-03-25T05:11:37.182Z - SQLite DB active
Heartbeat at 2026-03-25T05:11:47.184Z - SQLite DB active
Heartbeat at 2026-03-25T05:11:57.193Z - SQLite DB active
Heartbeat at 2026-03-25T05:12:07.198Z - SQLite DB active
Heartbeat at 2026-03-25T05:12:17.205Z - SQLite DB active
Heartbeat at 2026-03-25T05:12:27.209Z - SQLite DB active
Heartbeat at 2026-03-25T05:12:37.221Z - SQLite DB active
Heartbeat at 2026-03-25T05:12:47.223Z - SQLite DB active
Heartbeat at 2026-03-25T05:12:57.226Z - SQLite DB active
Heartbeat at 2026-03-25T05:13:07.235Z - SQLite DB active
Heartbeat at 2026-03-25T05:13:17.237Z - SQLite DB active
Heartbeat at 2026-03-25T05:13:27.243Z - SQLite DB active
Heartbeat at 2026-03-25T05:13:37.252Z - SQLite DB active
Heartbeat at 2026-03-25T05:13:47.268Z - SQLite DB active
Heartbeat at 2026-03-25T05:13:57.272Z - SQLite DB active
Heartbeat at 2026-03-25T05:14:07.277Z - SQLite DB active
Heartbeat at 2026-03-25T05:14:17.281Z - SQLite DB active
Heartbeat at 2026-03-25T05:14:27.296Z - SQLite DB active
Heartbeat at 2026-03-25T05:14:37.300Z - SQLite DB active
Heartbeat at 2026-03-25T05:14:47.315Z - SQLite DB active
Heartbeat at 2026-03-25T05:14:57.321Z - SQLite DB active
Heartbeat at 2026-03-25T05:15:07.336Z - SQLite DB active
[0mGET /api/auth/user [36m304[0m 1.502 ms - -[0m
Heartbeat at 2026-03-25T05:15:17.340Z - SQLite DB active
Heartbeat at 2026-03-25T05:15:27.351Z - SQLite DB active
Heartbeat at 2026-03-25T05:15:37.355Z - SQLite DB active
Heartbeat at 2026-03-25T05:15:47.364Z - SQLite DB active
Heartbeat at 2026-03-25T05:15:57.376Z - SQLite DB active
Heartbeat at 2026-03-25T05:16:07.378Z - SQLite DB active
Heartbeat at 2026-03-25T05:16:17.379Z - SQLite DB active
Heartbeat at 2026-03-25T05:16:27.379Z - SQLite DB active
Heartbeat at 2026-03-25T05:16:37.387Z - SQLite DB active
Heartbeat at 2026-03-25T05:16:47.399Z - SQLite DB active
Heartbeat at 2026-03-25T05:16:57.401Z - SQLite DB active
Heartbeat at 2026-03-25T05:17:07.408Z - SQLite DB active
Heartbeat at 2026-03-25T05:17:17.416Z - SQLite DB active
Heartbeat at 2026-03-25T05:17:27.425Z - SQLite DB active
Heartbeat at 2026-03-25T05:17:37.426Z - SQLite DB active
Heartbeat at 2026-03-25T05:17:47.433Z - SQLite DB active
Heartbeat at 2026-03-25T05:17:57.441Z - SQLite DB active
Heartbeat at 2026-03-25T05:18:07.445Z - SQLite DB active
Heartbeat at 2026-03-25T05:18:17.448Z - SQLite DB active
Heartbeat at 2026-03-25T05:18:27.458Z - SQLite DB active
Heartbeat at 2026-03-25T05:18:37.471Z - SQLite DB active
Heartbeat at 2026-03-25T05:18:47.472Z - SQLite DB active
Heartbeat at 2026-03-25T05:18:57.480Z - SQLite DB active
Heartbeat at 2026-03-25T05:19:07.488Z - SQLite DB active
Heartbeat at 2026-03-25T05:19:17.495Z - SQLite DB active
Heartbeat at 2026-03-25T05:19:27.508Z - SQLite DB active
Heartbeat at 2026-03-25T05:19:37.508Z - SQLite DB active
Heartbeat at 2026-03-25T05:19:47.522Z - SQLite DB active
Heartbeat at 2026-03-25T05:19:57.528Z - SQLite DB active
[0mGET /api/auth/user [32m200[0m 1.055 ms - 79[0m
[0mGET /api/auth/user [36m304[0m 1.073 ms - -[0m
[0mGET /api/resumes [32m200[0m 1.071 ms - 2[0m
[0mGET /api/resumes [36m304[0m 1.180 ms - -[0m
Heartbeat at 2026-03-25T05:20:07.530Z - SQLite DB active
Heartbeat at 2026-03-25T05:20:17.544Z - SQLite DB active
Heartbeat at 2026-03-25T05:20:27.554Z - SQLite DB active
Heartbeat at 2026-03-25T05:20:37.568Z - SQLite DB active
Heartbeat at 2026-03-25T05:20:47.569Z - SQLite DB active
Heartbeat at 2026-03-25T05:20:57.571Z - SQLite DB active
Heartbeat at 2026-03-25T05:21:07.577Z - SQLite DB active
Heartbeat at 2026-03-25T05:21:17.590Z - SQLite DB active
Heartbeat at 2026-03-25T05:21:27.595Z - SQLite DB active
Heartbeat at 2026-03-25T05:21:37.602Z - SQLite DB active
Heartbeat at 2026-03-25T05:21:47.603Z - SQLite DB active
Heartbeat at 2026-03-25T05:21:57.610Z - SQLite DB active
Heartbeat at 2026-03-25T05:22:07.625Z - SQLite DB active
[0mGET /api/resumes [36m304[0m 1.066 ms - -[0m
[0mGET /api/resumes [36m304[0m 0.945 ms - -[0m
Heartbeat at 2026-03-25T05:22:17.638Z - SQLite DB active
[0mGET / [32m200[0m 0.479 ms - 35[0m
[0mGET /favicon.ico [33m404[0m 1.559 ms - 150[0m
Heartbeat at 2026-03-25T05:22:27.640Z - SQLite DB active
Heartbeat at 2026-03-25T05:22:37.644Z - SQLite DB active
Heartbeat at 2026-03-25T05:22:47.652Z - SQLite DB active
Heartbeat at 2026-03-25T05:22:57.654Z - SQLite DB active
Heartbeat at 2026-03-25T05:23:07.668Z - SQLite DB active
Heartbeat at 2026-03-25T05:23:17.675Z - SQLite DB active
Heartbeat at 2026-03-25T05:23:27.683Z - SQLite DB active
Heartbeat at 2026-03-25T05:23:37.696Z - SQLite DB active
Heartbeat at 2026-03-25T05:23:47.702Z - SQLite DB active
[0mGET /api/auth/user [36m304[0m 1.191 ms - -[0m
[0mGET /api/resumes [36m304[0m 1.846 ms - -[0m
Heartbeat at 2026-03-25T05:23:57.715Z - SQLite DB active
[0mGET /api/resumes [36m304[0m 1.178 ms - -[0m
Heartbeat at 2026-03-25T05:24:07.723Z - SQLite DB active
Heartbeat at 2026-03-25T05:24:17.733Z - SQLite DB active
Heartbeat at 2026-03-25T05:24:27.737Z - SQLite DB active
Heartbeat at 2026-03-25T05:24:37.742Z - SQLite DB active
Heartbeat at 2026-03-25T05:24:47.745Z - SQLite DB active
Heartbeat at 2026-03-25T05:24:57.754Z - SQLite DB active
Heartbeat at 2026-03-25T05:25:07.764Z - SQLite DB active
Heartbeat at 2026-03-25T05:25:17.774Z - SQLite DB active
Heartbeat at 2026-03-25T05:25:27.777Z - SQLite DB active
Heartbeat at 2026-03-25T05:25:37.783Z - SQLite DB active
[0mGET /api/auth/user [36m304[0m 1.027 ms - -[0m
[0mGET /api/auth/user [36m304[0m 0.995 ms - -[0m
[0mGET /api/resumes [36m304[0m 0.854 ms - -[0m
[0mGET /api/resumes [36m304[0m 0.854 ms - -[0m
[0mGET /api/auth/user [36m304[0m 1.156 ms - -[0m
[0mGET /api/auth/user [36m304[0m 0.747 ms - -[0m
Heartbeat at 2026-03-25T05:25:47.788Z - SQLite DB active
Heartbeat at 2026-03-25T05:25:57.789Z - SQLite DB active
Heartbeat at 2026-03-25T05:26:07.789Z - SQLite DB active
[0mGET /api/auth/user [36m304[0m 1.068 ms - -[0m
[0mGET /api/auth/user [36m304[0m 1.005 ms - -[0m
[0mGET /api/resumes [36m304[0m 1.759 ms - -[0m
[0mGET /api/resumes [36m304[0m 1.166 ms - -[0m
[0mGET /api/auth/user [36m304[0m 2.000 ms - -[0m
[0mGET /api/auth/user [36m304[0m 1.164 ms - -[0m
Heartbeat at 2026-03-25T05:26:17.803Z - SQLite DB active
[0mGET /api/auth/user [32m200[0m 1.074 ms - 78[0m
[0mGET /api/auth/user [36m304[0m 1.146 ms - -[0m
[0mGET /api/resumes [32m200[0m 1.402 ms - 4653[0m
[0mGET /api/resumes [36m304[0m 1.148 ms - -[0m
Heartbeat at 2026-03-25T05:26:27.806Z - SQLite DB active
Heartbeat at 2026-03-25T05:26:37.809Z - SQLite DB active
Heartbeat at 2026-03-25T05:26:47.809Z - SQLite DB active
Heartbeat at 2026-03-25T05:26:57.818Z - SQLite DB active
Heartbeat at 2026-03-25T05:27:07.832Z - SQLite DB active
Heartbeat at 2026-03-25T05:27:17.841Z - SQLite DB active
Heartbeat at 2026-03-25T05:27:27.851Z - SQLite DB active
Heartbeat at 2026-03-25T05:27:37.856Z - SQLite DB active
Heartbeat at 2026-03-25T05:27:47.861Z - SQLite DB active
Heartbeat at 2026-03-25T05:27:57.868Z - SQLite DB active
Heartbeat at 2026-03-25T05:28:07.867Z - SQLite DB active
Heartbeat at 2026-03-25T05:28:17.874Z - SQLite DB active
Heartbeat at 2026-03-25T05:28:27.884Z - SQLite DB active
Heartbeat at 2026-03-25T05:28:37.898Z - SQLite DB active
Heartbeat at 2026-03-25T05:28:47.903Z - SQLite DB active
Heartbeat at 2026-03-25T05:28:57.908Z - SQLite DB active
Heartbeat at 2026-03-25T05:29:07.913Z - SQLite DB active
Heartbeat at 2026-03-25T05:29:17.926Z - SQLite DB active
Heartbeat at 2026-03-25T05:29:27.939Z - SQLite DB active
Heartbeat at 2026-03-25T05:29:37.951Z - SQLite DB active
Heartbeat at 2026-03-25T05:29:47.966Z - SQLite DB active
Heartbeat at 2026-03-25T05:29:57.971Z - SQLite DB active
Heartbeat at 2026-03-25T05:30:07.984Z - SQLite DB active
Heartbeat at 2026-03-25T05:30:17.993Z - SQLite DB active
Heartbeat at 2026-03-25T05:30:27.996Z - SQLite DB active
Heartbeat at 2026-03-25T05:30:38.008Z - SQLite DB active
Heartbeat at 2026-03-25T05:30:48.023Z - SQLite DB active
Heartbeat at 2026-03-25T05:30:58.026Z - SQLite DB active
Heartbeat at 2026-03-25T05:31:08.028Z - SQLite DB active
Heartbeat at 2026-03-25T05:31:18.033Z - SQLite DB active
Heartbeat at 2026-03-25T05:31:28.048Z - SQLite DB active
Heartbeat at 2026-03-25T05:31:38.052Z - SQLite DB active
Heartbeat at 2026-03-25T05:31:48.054Z - SQLite DB active
Heartbeat at 2026-03-25T05:31:58.058Z - SQLite DB active
Heartbeat at 2026-03-25T05:32:08.070Z - SQLite DB active
Heartbeat at 2026-03-25T05:32:18.078Z - SQLite DB active
Heartbeat at 2026-03-25T05:32:28.089Z - SQLite DB active
Heartbeat at 2026-03-25T05:32:38.101Z - SQLite DB active
Heartbeat at 2026-03-25T05:32:48.107Z - SQLite DB active
Heartbeat at 2026-03-25T05:32:58.114Z - SQLite DB active
Heartbeat at 2026-03-25T05:33:08.128Z - SQLite DB active
Heartbeat at 2026-03-25T05:33:18.134Z - SQLite DB active
Heartbeat at 2026-03-25T05:33:28.134Z - SQLite DB active
Heartbeat at 2026-03-25T05:33:38.136Z - SQLite DB active
Heartbeat at 2026-03-25T05:33:48.145Z - SQLite DB active
[0mGET /api/auth/user [36m304[0m 0.856 ms - -[0m
Heartbeat at 2026-03-25T05:33:58.157Z - SQLite DB active
Heartbeat at 2026-03-25T05:34:08.166Z - SQLite DB active
Heartbeat at 2026-03-25T05:34:18.177Z - SQLite DB active
Heartbeat at 2026-03-25T05:34:28.181Z - SQLite DB active
Heartbeat at 2026-03-25T05:34:38.183Z - SQLite DB active
Heartbeat at 2026-03-25T05:34:48.183Z - SQLite DB active
Heartbeat at 2026-03-25T05:34:58.192Z - SQLite DB active
Heartbeat at 2026-03-25T05:35:08.207Z - SQLite DB active
Heartbeat at 2026-03-25T05:35:18.208Z - SQLite DB active
Heartbeat at 2026-03-25T05:35:28.216Z - SQLite DB active
Heartbeat at 2026-03-25T05:35:38.227Z - SQLite DB active
[0mGET /api/auth/user [36m304[0m 0.845 ms - -[0m
Heartbeat at 2026-03-25T05:35:48.240Z - SQLite DB active
Heartbeat at 2026-03-25T05:35:58.247Z - SQLite DB active
Heartbeat at 2026-03-25T05:36:08.257Z - SQLite DB active
Heartbeat at 2026-03-25T05:36:18.261Z - SQLite DB active
Heartbeat at 2026-03-25T05:36:28.268Z - SQLite DB active
[0mGET /api/auth/user [36m304[0m 0.760 ms - -[0m
[0mGET /api/resumes [36m304[0m 1.406 ms - -[0m
Heartbeat at 2026-03-25T05:36:38.272Z - SQLite DB active
Heartbeat at 2026-03-25T05:36:48.284Z - SQLite DB active
Heartbeat at 2026-03-25T05:36:58.292Z - SQLite DB active
Heartbeat at 2026-03-25T05:37:08.306Z - SQLite DB active
[0mGET /api/auth/user [36m304[0m 0.781 ms - -[0m
[0mGET /api/resumes [36m304[0m 0.911 ms - -[0m
Heartbeat at 2026-03-25T05:37:18.319Z - SQLite DB active
Heartbeat at 2026-03-25T05:37:28.320Z - SQLite DB active
Heartbeat at 2026-03-25T05:37:38.334Z - SQLite DB active
Heartbeat at 2026-03-25T05:37:48.338Z - SQLite DB active
Heartbeat at 2026-03-25T05:37:58.339Z - SQLite DB active
Heartbeat at 2026-03-25T05:38:08.350Z - SQLite DB active
Heartbeat at 2026-03-25T05:38:18.356Z - SQLite DB active
Heartbeat at 2026-03-25T05:38:28.362Z - SQLite DB active
Heartbeat at 2026-03-25T05:38:38.373Z - SQLite DB active
Heartbeat at 2026-03-25T05:38:48.380Z - SQLite DB active
Heartbeat at 2026-03-25T05:38:58.384Z - SQLite DB active
[0mGET /api/auth/user [36m304[0m 0.919 ms - -[0m
[0mGET /api/resumes [36m304[0m 1.002 ms - -[0m
Heartbeat at 2026-03-25T05:39:08.387Z - SQLite DB active
Heartbeat at 2026-03-25T05:39:18.395Z - SQLite DB active
Heartbeat at 2026-03-25T05:39:28.399Z - SQLite DB active
Heartbeat at 2026-03-25T05:39:38.411Z - SQLite DB active
Heartbeat at 2026-03-25T05:39:48.418Z - SQLite DB active
Heartbeat at 2026-03-25T05:39:58.427Z - SQLite DB active
Heartbeat at 2026-03-25T05:40:08.428Z - SQLite DB active
Heartbeat at 2026-03-25T05:40:18.437Z - SQLite DB active
Heartbeat at 2026-03-25T05:40:28.438Z - SQLite DB active
Heartbeat at 2026-03-25T05:40:38.452Z - SQLite DB active
Heartbeat at 2026-03-25T05:40:48.454Z - SQLite DB active
Heartbeat at 2026-03-25T05:40:58.458Z - SQLite DB active
Heartbeat at 2026-03-25T05:41:08.472Z - SQLite DB active
Heartbeat at 2026-03-25T05:41:18.479Z - SQLite DB active
Heartbeat at 2026-03-25T05:41:28.484Z - SQLite DB active
Heartbeat at 2026-03-25T05:41:38.498Z - SQLite DB active
Heartbeat at 2026-03-25T05:41:48.505Z - SQLite DB active
Heartbeat at 2026-03-25T05:41:58.510Z - SQLite DB active
Heartbeat at 2026-03-25T05:42:08.523Z - SQLite DB active
Heartbeat at 2026-03-25T05:42:18.534Z - SQLite DB active
Heartbeat at 2026-03-25T05:42:28.536Z - SQLite DB active
Heartbeat at 2026-03-25T05:42:38.543Z - SQLite DB active
